The HCMV genome (NC_006273.2) has 169 CDS.

sample	condition	min_tpm	med_tpm	mean_tpm	max_tpm
SRR5660030	2dpi	0.0	1873.57	5917.159002366864	76823.1
SRR5660033	6dpi	0.0	1873.57	5917.159002366864	76823.1
SRR5660044	2dpi	0.0	1873.57	5917.159002366864	76823.1
SRR5660045	6dpi	0.0	1873.57	5917.159002366864	76823.1

target_id	test_stat	pval	qval
YP_081530.1	15.17561933146	9.79600876429432e-05	0.0084361079481409
YP_081547.1	15.0246759727489	0.00010611456538542	0.0084361079481409
YP_081552.1	14.0544796942776	0.00017759030570075	0.00941228620213977
YP_081551.1	12.4649604792398	0.000414657293216975	0.0164826274053747
YP_081577.1	11.8648334570502	0.000572038855545832	0.01767745488914
YP_081489.1	11.5788166935183	0.000667073769401509	0.01767745488914
YP_081574.1	11.0339165603048	0.000894599441836986	0.0187511919559711
YP_081521.1	10.8639382043463	0.000980549539437685	0.0187511919559711
YP_081576.1	10.7172933226784	0.00106138822392289	0.0187511919559711
YP_081490.1	10.1907895858077	0.00141143865024797	0.0224418745389427
YP_081522.1	9.3868989720092	0.0021854155960644	0.0315891890703854
YP_081561.1	8.95439638909632	0.00276802630747774	0.03667634857408
YP_081613.1	8.63830350059697	0.00329167810288603	0.0402597552583752
YP_081600.1	8.39498870075197	0.00376256850759047	0.0427320280504918
YP_081520.1	8.25394674274378	0.00406634940789731	0.0431033037237115
YP_081533.1	8.03352840629799	0.00459193014118663	0.0456323057780422
YP_081601.1	7.86881766295848	0.00502945277192959	0.0470401759256944
YP_081595.1	7.68016602442774	0.00558310312920854	0.0493174109746755

Donor 1 (2dpi) had 2259287 read pairs before Bowtie2 filtering and 148135 read pairs after. 
Donor 3 (6dpi) had 2476889 read pairs before Bowtie2 filtering and 119176 read pairs after. 
Donor 1 (6dpi) had 2004530 read pairs before Bowtie2 filtering and 122528 read pairs after. 
Donor 3 (2dpi) had 2730258 read pairs before Bowtie2 filtering and 168542 read pairs after. 

Spades for SRR5660030: spades.py -k 77 -t 2 --only-assembler -1 /home/2025/aavalos4/PythonPipeline_Lexi_Avalos/bowtie2_output/SRR5660030_mapped_1.fq.gz -2 /home/2025/aavalos4/PythonPipeline_Lexi_Avalos/bowtie2_output/SRR5660030_mapped_2.fq.gz -o /home/2025/aavalos4/PythonPipeline_Lexi_Avalos/spades_output/SRR5660030_assembly
Spades for SRR5660045: spades.py -k 77 -t 2 --only-assembler -1 /home/2025/aavalos4/PythonPipeline_Lexi_Avalos/bowtie2_output/SRR5660045_mapped_1.fq.gz -2 /home/2025/aavalos4/PythonPipeline_Lexi_Avalos/bowtie2_output/SRR5660045_mapped_2.fq.gz -o /home/2025/aavalos4/PythonPipeline_Lexi_Avalos/spades_output/SRR5660045_assembly
Spades for SRR5660033: spades.py -k 77 -t 2 --only-assembler -1 /home/2025/aavalos4/PythonPipeline_Lexi_Avalos/bowtie2_output/SRR5660033_mapped_1.fq.gz -2 /home/2025/aavalos4/PythonPipeline_Lexi_Avalos/bowtie2_output/SRR5660033_mapped_2.fq.gz -o /home/2025/aavalos4/PythonPipeline_Lexi_Avalos/spades_output/SRR5660033_assembly
Spades for SRR5660044: spades.py -k 77 -t 2 --only-assembler -1 /home/2025/aavalos4/PythonPipeline_Lexi_Avalos/bowtie2_output/SRR5660044_mapped_1.fq.gz -2 /home/2025/aavalos4/PythonPipeline_Lexi_Avalos/bowtie2_output/SRR5660044_mapped_2.fq.gz -o /home/2025/aavalos4/PythonPipeline_Lexi_Avalos/spades_output/SRR5660044_assembly

Donor 1:
sacc	pident	length	qstart	qend	sstart	send	bitscore	evalue	stitle
NC_006273.2	99.258	17515	18	17522	70422	87930	31610	0.0	NC_006273.2 Human herpesvirus 5 strain Merlin, complete genome
NC_003521.1	89.722	1401	15634	17031	84006	85403	1784	0.0	NC_003521.1 Panine herpesvirus 2 strain Heberling, complete genome
NC_003521.1	83.323	1571	1364	2926	69334	70893	1432	0.0	NC_003521.1 Panine herpesvirus 2 strain Heberling, complete genome
NC_003521.1	86.584	887	10522	11408	78697	79583	979	0.0	NC_003521.1 Panine herpesvirus 2 strain Heberling, complete genome
NC_003521.1	90.405	740	6822	7558	74890	75628	970	0.0	NC_003521.1 Panine herpesvirus 2 strain Heberling, complete genome
NC_003521.1	87.361	807	3623	4421	71620	72423	915	0.0	NC_003521.1 Panine herpesvirus 2 strain Heberling, complete genome
NC_003521.1	84.358	927	12019	12944	80427	81349	904	0.0	NC_003521.1 Panine herpesvirus 2 strain Heberling, complete genome
NC_003521.1	88.046	527	8908	9434	76960	77486	625	5.80e-178	NC_003521.1 Panine herpesvirus 2 strain Heberling, complete genome
NC_003521.1	84.065	615	8206	8817	76072	76683	588	7.61e-167	NC_003521.1 Panine herpesvirus 2 strain Heberling, complete genome
NC_003521.1	80.837	741	9717	10453	77832	78550	558	5.97e-158	NC_003521.1 Panine herpesvirus 2 strain Heberling, complete genome

Donor 3:
sacc	pident	length	qstart	qend	sstart	send	bitscore	evalue	stitle
NC_006273.2	99.581	4297	1	4297	135092	130796	7836	0.0	NC_006273.2 Human herpesvirus 5 strain Merlin, complete genome
NC_003521.1	82.562	1858	184	2015	135403	133566	1594	0.0	NC_003521.1 Panine herpesvirus 2 strain Heberling, complete genome
NC_003521.1	84.833	1167	2756	3913	132561	131401	1160	0.0	NC_003521.1 Panine herpesvirus 2 strain Heberling, complete genome
NC_027016.1	81.857	1174	165	1331	101857	103018	970	0.0	NC_027016.1 Papio ursinus cytomegalovirus isolate OCOM4-52, complete genome
NC_055235.1	82.742	1043	165	1204	54185	53148	922	0.0	NC_055235.1 Papiine betaherpesvirus 3, complete genome, *** SEQUENCING IN PROGRESS ***, 22 unordered pieces
NC_016447.1	80.287	1116	184	1292	119566	118464	824	0.0	NC_016447.1 Aotine herpesvirus 1 strain S34E, complete genome
NC_016447.1	77.557	958	2872	3820	117001	116066	549	8.79e-156	NC_016447.1 Aotine herpesvirus 1 strain S34E, complete genome
NC_016154.1	78.223	1148	184	1324	118106	116969	719	0.0	NC_016154.1 Cynomolgus macaque cytomegalovirus strain Ottawa, complete genome
NC_033176.1	79.618	996	184	1175	123097	122106	708	0.0	NC_033176.1 Cynomolgus cytomegalovirus isolate 31908, complete genome
NC_020231.1	73.985	788	2885	3667	143171	142389	311	4.51e-84	NC_020231.1 Caviid herpesvirus 2 strain 21222, complete genome

